<?xml version="1.0" encoding="UTF-8"?>
<!-- Generated by org.testng.reporters.JUnitReportReporter -->
<testsuite hostname="DESKTOP-ERM150G" failures="0" tests="3" name="org.testng.SimpleAnotationEx" time="0.018" errors="0" timestamp="2022-02-28T10:58:32 IST" skipped="0">
  <testcase classname="org.testng.SimpleAnotationEx" name="test3" time="0.004"/>
  <system-out/>
  <testcase classname="org.testng.SimpleAnotationEx" name="test1" time="0.011"/>
  <system-out/>
  <testcase classname="org.testng.SimpleAnotationEx" name="test2" time="0.003"/>
  <system-out/>
</testsuite> <!-- org.testng.SimpleAnotationEx -->
