<?xml version="1.0" encoding="UTF-8"?>
<!-- Generated by org.testng.reporters.JUnitReportReporter -->
<testsuite hostname="DESKTOP-ERM150G" failures="0" tests="2" name="org.testNG_practice.Groups" time="0.017" errors="0" timestamp="2022-03-04T16:32:12 IST" skipped="0">
  <testcase classname="org.testNG_practice.Groups" name="test1" time="0.014"/>
  <system-out/>
  <testcase classname="org.testNG_practice.Groups" name="test2" time="0.003"/>
  <system-out/>
</testsuite> <!-- org.testNG_practice.Groups -->
