<?xml version="1.0" encoding="UTF-8"?>
<!-- Generated by org.testng.reporters.JUnitReportReporter -->
<testsuite hostname="DESKTOP-ERM150G" failures="0" tests="2" name="org.testNG_practice.Ignore" time="0.012" errors="0" timestamp="2022-03-08T10:11:26 IST" skipped="1">
  <testcase classname="org.testNG_practice.Ignore" name="test4" time="0.012"/>
  <system-out/>
  <testcase classname="org.testNG_practice.Ignore" name="test2">
    <skipped/>
  </testcase> <!-- test2 -->
  <system-out/>
</testsuite> <!-- org.testNG_practice.Ignore -->
