<?xml version="1.0" encoding="UTF-8"?>
<!-- Generated by org.testng.reporters.JUnitReportReporter -->
<testsuite hostname="DESKTOP-ERM150G" failures="0" tests="5" name="org.testNG_practice.Prioritys" time="0.023" errors="0" timestamp="2022-03-04T17:05:19 IST" skipped="0">
  <testcase classname="org.testNG_practice.Prioritys" name="test3" time="0.015"/>
  <system-out/>
  <testcase classname="org.testNG_practice.Prioritys" name="test5" time="0.002"/>
  <system-out/>
  <testcase classname="org.testNG_practice.Prioritys" name="test6" time="0.002"/>
  <system-out/>
  <testcase classname="org.testNG_practice.Prioritys" name="test4" time="0.002"/>
  <system-out/>
  <testcase classname="org.testNG_practice.Prioritys" name="test2" time="0.002"/>
  <system-out/>
</testsuite> <!-- org.testNG_practice.Prioritys -->
