<?xml version="1.0" encoding="UTF-8"?>
<!-- Generated by org.testng.reporters.JUnitReportReporter -->
<testsuite hostname="DESKTOP-ERM150G" failures="0" tests="4" name="org.testNG_practice.Dependencys" time="0.020" errors="0" timestamp="2022-03-04T16:54:57 IST" skipped="0">
  <testcase classname="org.testNG_practice.Dependencys" name="test2" time="0.002"/>
  <system-out/>
  <testcase classname="org.testNG_practice.Dependencys" name="test4" time="0.003"/>
  <system-out/>
  <testcase classname="org.testNG_practice.Dependencys" name="test3" time="0.013"/>
  <system-out/>
  <testcase classname="org.testNG_practice.Dependencys" name="test1" time="0.002"/>
  <system-out/>
</testsuite> <!-- org.testNG_practice.Dependencys -->
