<?xml version="1.0" encoding="UTF-8"?>
<!-- Generated by org.testng.reporters.JUnitReportReporter -->
<testsuite hostname="DESKTOP-ERM150G" failures="0" tests="3" name="org.testNG_practice.SimpleAnotationEx" time="0.022" errors="0" timestamp="2022-03-02T07:58:27 IST" skipped="0">
  <testcase classname="org.testNG_practice.SimpleAnotationEx" name="test3" time="0.004"/>
  <system-out/>
  <testcase classname="org.testNG_practice.SimpleAnotationEx" name="test1" time="0.012"/>
  <system-out/>
  <testcase classname="org.testNG_practice.SimpleAnotationEx" name="test2" time="0.006"/>
  <system-out/>
</testsuite> <!-- org.testNG_practice.SimpleAnotationEx -->
